{"name": "test_create_booking_tc2", "status": "failed", "statusDetails": {"message": "AssertionError: assert True == False", "trace": "def test_create_booking_tc2():\n>       assert True == False\nE       assert True == False\n\ntests\\Integration_test\\test_create_booking.py:8: AssertionError"}, "start": 1690122807258, "stop": 1690122807258, "uuid": "6cb607a0-27f8-41e8-9365-37942cf9320d", "historyId": "c19f23b11f8bda9d46036d1ec1d14fbe", "testCaseId": "c19f23b11f8bda9d46036d1ec1d14fbe", "fullName": "tests.Integration_test.test_create_booking#test_create_booking_tc2", "labels": [{"name": "parentSuite", "value": "tests.Integration_test"}, {"name": "suite", "value": "test_create_booking"}, {"name": "host", "value": "LAPTOP-UBQ40C6G"}, {"name": "thread", "value": "11364-MainThread"}, {"name": "framework", "value": "pytest"}, {"name": "language", "value": "cpython3"}, {"name": "package", "value": "tests.Integration_test.test_create_booking"}]}