{"name": "test_create_booking_tc2", "status": "failed", "statusDetails": {"message": "AssertionError: assert True == False", "trace": "def test_create_booking_tc2():\n>       assert True == False\nE       assert True == False\n\nIntegration_test\\test_create_booking.py:8: AssertionError"}, "start": 1690123466881, "stop": 1690123466881, "uuid": "51c2921b-289a-4650-b7d5-d7ad61a2b9a4", "historyId": "d2f7bbe9c5b6f9060edd840724aec9a9", "testCaseId": "d2f7bbe9c5b6f9060edd840724aec9a9", "fullName": "Integration_test.test_create_booking#test_create_booking_tc2", "labels": [{"name": "parentSuite", "value": "Integration_test"}, {"name": "suite", "value": "test_create_booking"}, {"name": "host", "value": "LAPTOP-UBQ40C6G"}, {"name": "thread", "value": "4132-MainThread"}, {"name": "framework", "value": "pytest"}, {"name": "language", "value": "cpython3"}, {"name": "package", "value": "Integration_test.test_create_booking"}]}